\o Program:		@(#)$CDS: libManager.exe version 5.0.2 01/23/2007 12:28 (ocelot-linux.Cadence.COM) $
\o Sub version:		sub-version 03.01-s042
\o Arguments:		-mpssession icfb25874 -mpshost dear119-14.engr.oregonstate.edu 
\o Working Directory:	dear119-14.engr.oregonstate.edu:/nfs/stak/students/b/branaugj/ece471_lab/cadence
\o Extended color mode (TrueColor 32 0x23) in use.
\o Loading customization file "/nfs/stak/students/c/cdsmgr/cdsmgr/pdk/CDK1.4/local/cdssetup/cdsLibMgr.il"
\o Loading NCSU Library Manager customizations...done.
\o Log file is "/nfs/stak/students/b/branaugj/ece471_lab/cadence/libManager.log".
Opening libManager window.
No main selection
\o Library Manager customization server connected.
MPS service: map window
MPS service: map window
MPS service: map window
MPS service: map window
Main selection: ece471_lib lab6_ripple schematic
\o Opening design file through session server.
MPS request: edit design
MPS request: update library list
Main selection: ece471_lib lab6_cla schematic
\o Opening design file through session server.
MPS request: edit design
Main selection: ece471_lib lab6_carry_block schematic
\o Opening design file through session server.
MPS request: edit design
Main selection: ece471_lib lab6_cla schematic
\o Opening design file through session server.
MPS request: edit design
Main selection: ece471_lib lab6_full_adder schematic
\o Opening design file through session server.
MPS request: edit design
Main selection: ece471_lib lab6_ripple schematic
\o Opening design file through session server.
MPS request: edit design
Main selection: ece471_lib lab6_xor schematic
\o Opening design file through session server.
MPS request: edit design
MPS service: shutdown
\o libManager is exiting.
