Mdi:ArrangeIcons
wm geometry . 1920x1095+0+25
Mdi:FullSize
ScopeSigMgr:loadpffile /nfs/stak/students/b/branaugj/ece471_lab/final/sim_deck.tr0 1 openonly
# PF:1
wm geometry .sigmgr._PF:1 231x341+966+601
wm geometry .sigmgr._PF:1 231x341+983+605
wm geometry .sigmgr._PF:1 231x341+1010+610
wm geometry .sigmgr._PF:1 231x341+1039+615
wm geometry .sigmgr._PF:1 231x341+1076+617
wm geometry .sigmgr._PF:1 231x341+1113+622
wm geometry .sigmgr._PF:1 231x341+1156+629
wm geometry .sigmgr._PF:1 231x341+1199+636
wm geometry .sigmgr._PF:1 231x341+1242+643
wm geometry .sigmgr._PF:1 231x341+1285+650
wm geometry .sigmgr._PF:1 231x341+1332+657
wm geometry .sigmgr._PF:1 231x341+1377+664
wm geometry .sigmgr._PF:1 231x341+1418+669
wm geometry .sigmgr._PF:1 231x341+1453+674
wm geometry .sigmgr._PF:1 231x341+1484+679
wm geometry .sigmgr._PF:1 231x341+1503+681
wm geometry .sigmgr._PF:1 231x341+1518+681
wm geometry .sigmgr._PF:1 231x341+1525+681
wm geometry .sigmgr 376x204+1533+128
wm geometry .sigmgr 376x204+1529+130
wm geometry .sigmgr 376x204+1515+136
wm geometry .sigmgr 376x204+1494+145
wm geometry .sigmgr 376x204+1471+154
wm geometry .sigmgr 376x204+1448+163
wm geometry .sigmgr 376x204+1425+172
wm geometry .sigmgr 376x204+1402+181
wm geometry .sigmgr 376x204+1377+190
wm geometry .sigmgr 376x204+1352+199
wm geometry .sigmgr 376x204+1325+210
wm geometry .sigmgr 376x204+1300+221
wm geometry .sigmgr 376x204+1275+232
wm geometry .sigmgr 376x204+1250+239
wm geometry .sigmgr 376x204+1225+248
wm geometry .sigmgr 376x204+1200+255
wm geometry .sigmgr 376x204+1177+262
wm geometry .sigmgr 376x204+1154+269
wm geometry .sigmgr 376x204+1133+276
wm geometry .sigmgr 376x204+1110+283
wm geometry .sigmgr 376x204+1087+292
wm geometry .sigmgr 376x204+1064+303
wm geometry .sigmgr 376x204+1043+314
wm geometry .sigmgr 376x204+1028+327
wm geometry .sigmgr 376x204+1007+342
wm geometry .sigmgr 376x204+986+357
wm geometry .sigmgr 376x204+965+374
wm geometry .sigmgr 376x204+944+391
wm geometry .sigmgr 376x204+925+408
wm geometry .sigmgr 376x204+906+425
wm geometry .sigmgr 376x204+887+442
wm geometry .sigmgr 376x204+870+459
wm geometry .sigmgr 376x204+855+476
wm geometry .sigmgr 376x204+840+493
wm geometry .sigmgr 376x204+825+510
wm geometry .sigmgr 376x204+814+527
wm geometry .sigmgr 376x204+803+544
wm geometry .sigmgr 376x204+794+561
wm geometry .sigmgr 376x204+785+578
wm geometry .sigmgr 376x204+778+593
wm geometry .sigmgr 376x204+771+608
wm geometry .sigmgr 376x204+764+623
wm geometry .sigmgr 376x204+757+638
wm geometry .sigmgr 376x204+750+651
wm geometry .sigmgr 376x204+745+662
wm geometry .sigmgr 376x204+740+673
wm geometry .sigmgr 376x204+735+684
wm geometry .sigmgr 376x204+730+693
wm geometry .sigmgr 376x204+725+704
wm geometry .sigmgr 376x204+718+715
wm geometry .sigmgr 376x204+711+726
wm geometry .sigmgr 376x204+704+737
wm geometry .sigmgr 376x204+697+750
wm geometry .sigmgr 376x204+690+763
wm geometry .sigmgr 376x204+683+776
wm geometry .sigmgr 376x204+676+789
wm geometry .sigmgr 376x204+665+804
wm geometry .sigmgr 376x204+654+819
wm geometry .sigmgr 376x204+643+836
wm geometry .sigmgr 376x204+632+853
wm geometry .sigmgr 376x204+623+868
wm geometry .sigmgr 376x204+614+883
wm geometry .sigmgr 376x204+609+894
wm geometry .sigmgr 376x204+604+905
wm geometry .sigmgr 376x204+599+916
wm geometry .sigmgr 376x204+594+927
wm geometry .sigmgr 376x204+589+938
wm geometry .sigmgr 376x204+587+941
wm geometry .sigmgr 376x204+585+941
wm geometry .sigmgr 376x204+583+941
wm geometry .sigmgr 376x204+581+976
wm geometry .sigmgr 376x204+581+983
wm geometry .sigmgr 376x204+579+988
wm geometry .sigmgr 376x204+579+991
wm geometry .sigmgr 376x204+579+993
wm geometry .sigmgr 376x204+579+995
wm geometry .sigmgr 376x204+577+997
wm geometry .sigmgr 376x204+577+998
wm geometry .sigmgr 376x204+577+1000
wm geometry .sigmgr 376x204+577+1002
wm geometry .sigmgr 376x204+577+1004
wm geometry .sigmgr 376x204+576+1006
wm geometry .sigmgr 376x204+576+1009
wm geometry .sigmgr 376x204+576+1011
wm geometry .sigmgr 376x204+576+1013
wm geometry .sigmgr 376x204+576+1017
wm geometry .sigmgr 376x204+575+1021
wm geometry .sigmgr 376x204+575+1023
wm geometry .sigmgr 376x204+574+1027
wm geometry .sigmgr 376x204+574+1030
wm geometry .sigmgr 376x204+573+1033
wm geometry .sigmgr 376x204+573+1036
wm geometry .sigmgr 376x204+572+1040
wm geometry .sigmgr 376x204+571+1043
wm geometry .sigmgr 376x204+570+1046
wm geometry .sigmgr 376x204+569+1049
wm geometry .sigmgr 376x204+568+1052
wm geometry .sigmgr 376x204+567+1055
wm geometry .sigmgr 376x204+566+1057
wm geometry .sigmgr 376x204+565+1059
wm geometry .sigmgr 376x204+565+1060
wm geometry .sigmgr 376x204+565+1061
wm geometry .sigmgr 376x204+564+1062
wm geometry .sigmgr 376x204+564+1063
wm geometry .sigmgr 376x204+564+1064
wm geometry .sigmgr 376x204+564+1065
wm geometry .sigmgr 376x204+563+1066
wm geometry .sigmgr 376x204+563+1067
wm geometry .sigmgr 376x204+562+1069
wm geometry .sigmgr 376x204+561+1072
wm geometry .sigmgr 376x204+560+1074
wm geometry .sigmgr 376x204+558+1077
wm geometry .sigmgr 376x204+556+1079
wm geometry .sigmgr 376x204+554+1083
wm geometry .sigmgr 376x204+554+1086
wm geometry .sigmgr 376x204+552+1088
wm geometry .sigmgr 376x204+550+1091
wm geometry .sigmgr 376x204+548+1095
wm geometry .sigmgr 376x204+545+1098
wm geometry .sigmgr 376x204+543+1102
wm geometry .sigmgr 376x204+542+1105
wm geometry .sigmgr 376x204+541+1107
wm geometry .sigmgr 376x204+540+1109
wm geometry .sigmgr 376x204+539+1110
wm geometry .sigmgr 376x204+538+1111
wm geometry .sigmgr 376x204+538+1112
wm geometry .sigmgr 376x204+537+1114
wm geometry .sigmgr 376x204+537+1116
wm geometry .sigmgr 376x204+537+1118
wm geometry .sigmgr 376x204+537+1119
wm geometry .sigmgr 376x204+536+1121
wm geometry .sigmgr 376x204+535+1123
wm geometry .sigmgr 376x204+534+1126
wm geometry .sigmgr 376x204+534+1127
wm geometry .sigmgr 376x204+534+1128
wm geometry .sigmgr 376x204+533+1130
wm geometry .sigmgr 376x204+533+1132
wm geometry .sigmgr 376x204+532+1134
wm geometry .sigmgr 376x204+532+1135
wm geometry .sigmgr 376x204+532+1137
wm geometry .sigmgr 376x204+532+1139
wm geometry .sigmgr 376x204+532+1141
wm geometry .sigmgr 376x204+531+1142
wm geometry .sigmgr 376x204+531+1143
wm geometry .sigmgr 376x204+531+1144
wm geometry .sigmgr._PF:1 231x341+1518+681
wm geometry .sigmgr._PF:1 231x341+1510+681
wm geometry .sigmgr._PF:1 231x341+1493+684
wm geometry .sigmgr._PF:1 231x341+1470+687
wm geometry .sigmgr._PF:1 231x341+1441+692
wm geometry .sigmgr._PF:1 231x341+1408+692
wm geometry .sigmgr._PF:1 231x341+1375+692
wm geometry .sigmgr._PF:1 231x341+1346+692
wm geometry .sigmgr._PF:1 231x341+1319+692
wm geometry .sigmgr._PF:1 231x341+1296+692
wm geometry .sigmgr._PF:1 231x341+1273+692
wm geometry .sigmgr._PF:1 231x341+1252+692
wm geometry .sigmgr._PF:1 231x341+1233+692
wm geometry .sigmgr._PF:1 231x341+1216+692
wm geometry .sigmgr._PF:1 231x341+1201+692
wm geometry .sigmgr._PF:1 231x341+1190+692
wm geometry .sigmgr._PF:1 231x341+1183+692
wm geometry .sigmgr._PF:1 231x341+1179+692
wm geometry .sigmgr._PF:1 231x341+1178+692
wm geometry .sigmgr._PF:1 231x341+1177+691
pf:read PF:1 v(wr0) v(wr1) v(wr10) v(wr11) v(wr12) v(wr13) v(wr14) v(wr15) v(wr2) v(wr3) v(wr4) v(wr5) v(wr6) v(wr7) v(wr8) v(wr9)
# WF:1:1 WF:1:2 WF:1:3 WF:1:4 WF:1:5 WF:1:6 WF:1:7 WF:1:8 WF:1:9 WF:1:10 WF:1:11 WF:1:12 WF:1:13 WF:1:14 WF:1:15 WF:1:16
Graph addsignal {WF:1:1 WF:1:2 WF:1:3 WF:1:4 WF:1:5 WF:1:6 WF:1:7 WF:1:8 WF:1:9 WF:1:10 WF:1:11 WF:1:12 WF:1:13 WF:1:14 WF:1:15 WF:1:16} -region {new new new new new new new new new new new new new new new new} -yview {real(y) real(y) real(y) real(y) real(y) real(y) real(y) real(y) real(y) real(y) real(y) real(y) real(y) real(y) real(y) real(y)} -xview {real(x) real(x) real(x) real(x) real(x) real(x) real(x) real(x) real(x) real(x) real(x) real(x) real(x) real(x) real(x) real(x)} -tracehi {2 2 2 2 2 2 2 2 2 2 2 2 2 2 2 2}
# Signal0 Signal1 Signal2 Signal3 Signal4 Signal5 Signal6 Signal7 Signal8 Signal9 Signal10 Signal11 Signal12 Signal13 Signal14 Signal15
pf:read PF:1 v(wr_en)
# WF:1:17
Graph addsignal WF:1:17 -region new -yview real(y) -xview real(x) -tracehi 2
# Signal16
pf:read PF:1 v(a0)
# WF:1:18
Graph addsignal WF:1:18 -region new -yview real(y) -xview real(x) -tracehi 2
# Signal17
wm geometry .sigmgr._PF:1 231x341+1177+692
wm geometry .sigmgr._PF:1 231x341+1177+694
wm geometry .sigmgr._PF:1 231x341+1179+697
wm geometry .sigmgr._PF:1 231x341+1180+699
wm geometry .sigmgr._PF:1 231x341+1182+703
wm geometry .sigmgr._PF:1 231x341+1183+710
wm geometry .sigmgr._PF:1 231x341+1186+717
wm geometry .sigmgr._PF:1 231x341+1187+724
wm geometry .sigmgr._PF:1 231x341+1190+733
wm geometry .sigmgr._PF:1 231x341+1192+747
wm geometry .sigmgr._PF:1 231x341+1194+767
wm geometry .sigmgr._PF:1 231x341+1194+788
wm geometry .sigmgr._PF:1 231x341+1196+804
wm geometry .sigmgr._PF:1 231x341+1199+804
wm geometry .sigmgr._PF:1 231x341+1202+851
wm geometry .sigmgr._PF:1 231x341+1207+870
wm geometry .sigmgr._PF:1 231x341+1212+889
wm geometry .sigmgr._PF:1 231x341+1217+902
wm geometry .sigmgr._PF:1 231x341+1219+915
wm geometry .sigmgr._PF:1 231x341+1222+928
wm geometry .sigmgr._PF:1 231x341+1225+941
wm geometry .sigmgr._PF:1 231x341+1228+952
wm geometry .sigmgr._PF:1 231x341+1231+963
wm geometry .sigmgr._PF:1 231x341+1234+974
wm geometry .sigmgr._PF:1 231x341+1236+985
wm geometry .sigmgr._PF:1 231x341+1239+996
wm geometry .sigmgr._PF:1 231x341+1242+1009
wm geometry .sigmgr._PF:1 231x341+1245+1022
wm geometry .sigmgr._PF:1 231x341+1245+1033
wm geometry .sigmgr._PF:1 231x341+1247+1044
wm geometry .sigmgr._PF:1 231x341+1249+1053
wm geometry .sigmgr._PF:1 231x341+1251+1062
wm geometry .sigmgr._PF:1 231x341+1251+1067
wm geometry .sigmgr._PF:1 231x341+1251+1068
wm geometry .sigmgr._PF:1 231x341+1252+1070
wm geometry .sigmgr._PF:1 231x341+1252+1071
wm geometry .sigmgr._PF:1 231x341+1252+1072
wm geometry .sigmgr._PF:1 231x341+1252+1073
wm geometry .sigmgr._PF:1 231x341+1252+1075
wm geometry .sigmgr._PF:1 231x341+1252+1077
wm geometry .sigmgr._PF:1 231x341+1252+1081
wm geometry .sigmgr._PF:1 231x341+1252+1084
wm geometry .sigmgr._PF:1 231x341+1252+1089
wm geometry .sigmgr._PF:1 231x341+1252+1094
wm geometry .sigmgr._PF:1 231x341+1252+1097
wm geometry .sigmgr._PF:1 231x341+1253+1102
wm geometry .sigmgr._PF:1 231x341+1253+1109
wm geometry .sigmgr._PF:1 231x341+1254+1117
wm geometry .sigmgr._PF:1 231x341+1256+1124
wm geometry .sigmgr._PF:1 231x341+1257+1131
wm geometry .sigmgr._PF:1 231x341+1257+1138
wm geometry .sigmgr._PF:1 231x341+1259+1145
wm geometry .sigmgr._PF:1 231x341+1259+1149
wm geometry .sigmgr._PF:1 231x341+1260+1149
wm geometry .sigmgr._PF:1 231x341+1262+1149
wm geometry .sigmgr._PF:1 231x341+1263+1149
wm geometry .sigmgr._PF:1 231x341+1264+1149
wm geometry .sigmgr._PF:1 231x341+1265+1149
wm geometry .sigmgr._PF:1 231x341+1266+1149
