Mdi:ArrangeIcons
ScopeSigMgr:loadpffile /nfs/stak/students/b/branaugj/ece471_lab/lab1/sim_deck.sw0 1 openonly
# PF:1
pf:read PF:1 v(d)
# WF:1:1
Graph addsignal WF:1:1 -region new -yview real(y) -xview real(x) -tracehi 2
# Signal0
wm geometry .sigmgr 472x220+0+0
wm geometry .sigmgr 472x220+419+140
pf:read PF:1 i(vdrain)
# WF:1:2
Graph addsignal WF:1:2 -region new -yview real(y) -xview real(x) -tracehi 2
# Signal1
Mdi:ArrangeIcons
pf:read PF:1 v(0)
# WF:1:3
Graph addsignal WF:1:3 -region new -yview real(y) -xview real(x) -tracehi 2
# Signal2
pf:read PF:1 v(0)
# WF:1:3
Graph addsignal WF:1:3 -region new -yview real(y) -xview real(x) -tracehi 2
# Signal3
pf:read PF:1 v(d)
# WF:1:1
Graph addsignal WF:1:1 -region new -yview real(y) -xview real(x) -tracehi 2
# Signal4
pf:read PF:1 v(d)
# WF:1:1
Graph addsignal WF:1:1 -region new -yview real(y) -xview real(x) -tracehi 2
# Signal5
