@(#)$CDS: LVS.exe version 5.1.0 12/16/2007 23:30 (cicln04) $

Command line: /nfs/guille/a2/rh80apps/cadence/IC5141/tools.lnx86/dfII/bin/32bit/LVS.exe -dir /nfs/stak/students/b/branaugj/ece471_lab/cadence/LVS -l -s -f -t /nfs/stak/students/b/branaugj/ece471_lab/cadence/LVS/layout /nfs/stak/students/b/branaugj/ece471_lab/cadence/LVS/schematic
Like matching is enabled.
Net swapping is enabled.
Fixed device checking is enabled.
Using terminal names as correspondence points.

    Net-list summary for /nfs/stak/students/b/branaugj/ece471_lab/cadence/LVS/layout/netlist
       count
	19		nets
	7		terminals
	14		pmos
	14		nmos

    Net-list summary for /nfs/stak/students/b/branaugj/ece471_lab/cadence/LVS/schematic/netlist
       count
	19		nets
	7		terminals
	14		pmos
	14		nmos


    Terminal correspondence points
    N17       N17       A
    N18       N18       B
    N8        N8        Ci
    N13       N13       Co
    N5        N6        S
    N10       N1        gnd!
    N0        N0        vdd!

Devices in the netlist but not in the rules:
        pcapacitor
Devices in the rules but not in the netlist:
        res cap nfet pfet nmos4 pmos4

The net-lists match.

			     layout  schematic
				instances
	un-matched		0	0
	rewired			0	0
	size errors		0	0
	pruned			0	0
	active			28	28
	total			28	28

				  nets
	un-matched		0	0
	merged			0	0
	pruned			0	0
	active			19	19
	total			19	19

				terminals
	un-matched		0	0
	matched but
	different type		0	0
	total			7	7


Probe files from /nfs/stak/students/b/branaugj/ece471_lab/cadence/LVS/schematic

devbad.out:

netbad.out:

mergenet.out:

termbad.out:

prunenet.out:

prunedev.out:

audit.out:


Probe files from /nfs/stak/students/b/branaugj/ece471_lab/cadence/LVS/layout

devbad.out:

netbad.out:

mergenet.out:

termbad.out:

prunenet.out:

prunedev.out:

audit.out:
