Mdi:ArrangeIcons
wm geometry . 1920x1095+0+25
ScopeSigMgr:loadpffile /nfs/stak/students/b/branaugj/ece471_lab/lab5/sim_deck.tr0 1 openonly
# PF:1
wm geometry .sigmgr._PF:1 231x341+962+600
wm geometry .sigmgr._PF:1 231x341+965+600
wm geometry .sigmgr._PF:1 231x341+970+600
wm geometry .sigmgr._PF:1 231x341+980+600
wm geometry .sigmgr._PF:1 231x341+994+600
wm geometry .sigmgr._PF:1 231x341+1010+600
wm geometry .sigmgr._PF:1 231x341+1033+600
wm geometry .sigmgr._PF:1 231x341+1056+600
wm geometry .sigmgr._PF:1 231x341+1085+600
wm geometry .sigmgr._PF:1 231x341+1114+600
wm geometry .sigmgr._PF:1 231x341+1143+600
wm geometry .sigmgr._PF:1 231x341+1180+600
wm geometry .sigmgr._PF:1 231x341+1217+600
wm geometry .sigmgr._PF:1 231x341+1252+600
wm geometry .sigmgr._PF:1 231x341+1287+600
wm geometry .sigmgr._PF:1 231x341+1318+600
wm geometry .sigmgr._PF:1 231x341+1349+600
wm geometry .sigmgr._PF:1 231x341+1378+600
wm geometry .sigmgr._PF:1 231x341+1405+600
wm geometry .sigmgr._PF:1 231x341+1430+600
wm geometry .sigmgr._PF:1 231x341+1453+600
wm geometry .sigmgr._PF:1 231x341+1470+600
wm geometry .sigmgr._PF:1 231x341+1487+600
wm geometry .sigmgr._PF:1 231x341+1502+598
wm geometry .sigmgr._PF:1 231x341+1515+598
wm geometry .sigmgr._PF:1 231x341+1528+596
wm geometry .sigmgr._PF:1 231x341+1539+596
wm geometry .sigmgr._PF:1 231x341+1548+596
wm geometry .sigmgr._PF:1 231x341+1555+596
wm geometry .sigmgr._PF:1 231x341+1560+596
wm geometry .sigmgr._PF:1 231x341+1562+596
Mdi:Resize 1252 854
Mdi:Move 5 5
pf:read PF:1 v(s)
# WF:1:1
Graph addsignal WF:1:1 -region new -yview real(y) -xview real(x) -tracehi 2
# Signal0
pf:read PF:1 v(ci)
# WF:1:2
Graph addsignal WF:1:2 -region new -yview real(y) -xview real(x) -tracehi 2
# Signal1
pf:read PF:1 v(b)
# WF:1:3
Graph addsignal WF:1:3 -region new -yview real(y) -xview real(x) -tracehi 2
# Signal2
pf:read PF:1 v(a)
# WF:1:4
Graph addsignal WF:1:4 -region new -yview real(y) -xview real(x) -tracehi 2
# Signal3
